<?xml version="1.0" encoding="utf-8"?><testsuites name="pytest tests"><testsuite name="pytest" errors="0" failures="0" skipped="0" tests="12" time="14.753" timestamp="2026-05-19T03:07:05.041450+00:00" hostname="agent-env-fcdd057d-23ce-4c41-8fe3-37f9e4affc90"><testcase classname="backend.tests.test_wanted_for_fries.TestHealth" name="test_root_returns_ok" time="0.850" /><testcase classname="backend.tests.test_wanted_for_fries.TestRadio" name="test_radio_early" time="3.476" /><testcase classname="backend.tests.test_wanted_for_fries.TestRadio" name="test_radio_mid" time="2.654" /><testcase classname="backend.tests.test_wanted_for_fries.TestRadio" name="test_radio_late" time="1.099" /><testcase classname="backend.tests.test_wanted_for_fries.TestRadio" name="test_radio_invalid_phase_defaults" time="0.049" /><testcase classname="backend.tests.test_wanted_for_fries.TestRadio" name="test_radio_empty_body" time="0.051" /><testcase classname="backend.tests.test_wanted_for_fries.TestRadio" name="test_radio_new_stages_supported" time="5.300" /><testcase classname="backend.tests.test_wanted_for_fries.TestRadio" name="test_radio_new_scripted_lines_present" time="0.279" /><testcase classname="backend.tests.test_wanted_for_fries.TestScores" name="test_save_score_returns_record" time="0.051" /><testcase classname="backend.tests.test_wanted_for_fries.TestScores" name="test_save_another_score" time="0.763" /><testcase classname="backend.tests.test_wanted_for_fries.TestScores" name="test_top_scores_no_objectid_leakage" time="0.052" /><testcase classname="backend.tests.test_wanted_for_fries.TestScores" name="test_top_scores_contains_our_record" time="0.053" /></testsuite></testsuites>