<?xml version="1.0" encoding="utf-8"?><testsuites name="pytest tests"><testsuite name="pytest" errors="0" failures="0" skipped="0" tests="10" time="39.032" timestamp="2026-05-17T18:02:10.100195+00:00" hostname="agent-env-fcdd057d-23ce-4c41-8fe3-37f9e4affc90"><testcase classname="backend.tests.test_wanted_for_fries.TestHealth" name="test_root_returns_ok" time="0.240" /><testcase classname="backend.tests.test_wanted_for_fries.TestRadio" name="test_radio_early" time="4.027" /><testcase classname="backend.tests.test_wanted_for_fries.TestRadio" name="test_radio_mid" time="5.293" /><testcase classname="backend.tests.test_wanted_for_fries.TestRadio" name="test_radio_late" time="6.582" /><testcase classname="backend.tests.test_wanted_for_fries.TestRadio" name="test_radio_invalid_phase_defaults" time="2.855" /><testcase classname="backend.tests.test_wanted_for_fries.TestRadio" name="test_radio_empty_body" time="14.739" /><testcase classname="backend.tests.test_wanted_for_fries.TestScores" name="test_save_score_returns_record" time="5.017" /><testcase classname="backend.tests.test_wanted_for_fries.TestScores" name="test_save_another_score" time="0.046" /><testcase classname="backend.tests.test_wanted_for_fries.TestScores" name="test_top_scores_no_objectid_leakage" time="0.048" /><testcase classname="backend.tests.test_wanted_for_fries.TestScores" name="test_top_scores_contains_our_record" time="0.046" /></testsuite></testsuites>